Removed Pin From Net: NetName=S5 Pin=IC1-3
Removed Pin From Net: NetName=S4 Pin=IC2-3
Removed Pin From Net: NetName=S3 Pin=IC3-3
Removed Pin From Net: NetName=S2 Pin=IC4-3
Removed Pin From Net: NetName=S1 Pin=IC5-3
Removed Pin From Net: NetName=GND Pin=IC6-3
Removed Pin From Net: NetName=S6 Pin=Q1-2
Removed Pin From Net: NetName=S5 Pin=Q2-S
Removed Pin From Net: NetName=S5 Pin=Q2-S
Removed Pin From Net: NetName=S5 Pin=Q2-S
Removed Pin From Net: NetName=S5 Pin=Q3-2
Removed Pin From Net: NetName=S4 Pin=Q4-2
Removed Pin From Net: NetName=S4 Pin=Q5-S
Removed Pin From Net: NetName=S4 Pin=Q5-S
Removed Pin From Net: NetName=S4 Pin=Q5-S
Removed Pin From Net: NetName=S3 Pin=Q6-S
Removed Pin From Net: NetName=S3 Pin=Q6-S
Removed Pin From Net: NetName=S3 Pin=Q6-S
Removed Pin From Net: NetName=S3 Pin=Q7-2
Removed Pin From Net: NetName=S2 Pin=Q8-2
Removed Pin From Net: NetName=S1 Pin=Q9-2
Removed Pin From Net: NetName=S2 Pin=Q10-S
Removed Pin From Net: NetName=S2 Pin=Q10-S
Removed Pin From Net: NetName=S2 Pin=Q10-S
Removed Pin From Net: NetName=S1 Pin=Q11-S
Removed Pin From Net: NetName=S1 Pin=Q11-S
Removed Pin From Net: NetName=S1 Pin=Q11-S
Removed Pin From Net: NetName=GND Pin=Q12-S
Removed Pin From Net: NetName=GND Pin=Q12-S
Removed Pin From Net: NetName=GND Pin=Q12-S
Removed Pin From Net: NetName=S6 Pin=R1-2
Removed Pin From Net: NetName=S6 Pin=R3-2
Removed Pin From Net: NetName=S5 Pin=R4-1
Removed Pin From Net: NetName=S5 Pin=R6-1
Removed Pin From Net: NetName=S6 Pin=R7-2
Removed Pin From Net: NetName=S5 Pin=R8-2
Removed Pin From Net: NetName=S4 Pin=R10-2
Removed Pin From Net: NetName=S5 Pin=R12-2
Removed Pin From Net: NetName=S4 Pin=R13-1
Removed Pin From Net: NetName=S4 Pin=R14-2
Removed Pin From Net: NetName=S3 Pin=R15-1
Removed Pin From Net: NetName=S4 Pin=R18-1
Removed Pin From Net: NetName=S3 Pin=R19-1
Removed Pin From Net: NetName=S5 Pin=R20-2
Removed Pin From Net: NetName=S4 Pin=R21-2
Removed Pin From Net: NetName=S3 Pin=R22-2
Removed Pin From Net: NetName=S2 Pin=R24-2
Removed Pin From Net: NetName=S1 Pin=R26-2
Removed Pin From Net: NetName=S3 Pin=R28-2
Removed Pin From Net: NetName=S2 Pin=R29-1
Removed Pin From Net: NetName=S2 Pin=R30-2
Removed Pin From Net: NetName=S1 Pin=R31-1
Removed Pin From Net: NetName=S1 Pin=R32-2
Removed Pin From Net: NetName=GND Pin=R33-1
Removed Pin From Net: NetName=S2 Pin=R37-1
Removed Pin From Net: NetName=S1 Pin=R38-1
Removed Pin From Net: NetName=GND Pin=R39-1
Removed Pin From Net: NetName=S3 Pin=R40-2
Removed Pin From Net: NetName=S2 Pin=R41-2
Removed Pin From Net: NetName=S1 Pin=R42-2
Removed Pin From Net: NetName=S6 Pin=R43-2
Removed Pin From Net: NetName=S5 Pin=R44-2
Removed Pin From Net: NetName=S4 Pin=R45-2
Removed Pin From Net: NetName=S3 Pin=R46-2
Removed Pin From Net: NetName=S2 Pin=R47-2
Removed Pin From Net: NetName=S1 Pin=R48-2
Removed Member From Class: ClassName=Sheet2 Member=IC1
Removed Member From Class: ClassName=Sheet2 Member=IC2
Removed Member From Class: ClassName=Sheet2 Member=IC3
Removed Member From Class: ClassName=Sheet2 Member=IC4
Removed Member From Class: ClassName=Sheet2 Member=IC5
Removed Member From Class: ClassName=Sheet2 Member=IC6
Removed Member From Class: ClassName=Sheet2 Member=Q1
Removed Member From Class: ClassName=Sheet2 Member=Q2
Removed Member From Class: ClassName=Sheet2 Member=Q3
Removed Member From Class: ClassName=Sheet2 Member=Q4
Removed Member From Class: ClassName=Sheet2 Member=Q5
Removed Member From Class: ClassName=Sheet2 Member=Q6
Removed Member From Class: ClassName=Sheet2 Member=Q7
Removed Member From Class: ClassName=Sheet2 Member=Q8
Removed Member From Class: ClassName=Sheet2 Member=Q9
Removed Member From Class: ClassName=Sheet2 Member=Q10
Removed Member From Class: ClassName=Sheet2 Member=Q11
Removed Member From Class: ClassName=Sheet2 Member=Q12
Removed Member From Class: ClassName=Sheet2 Member=R1
Removed Member From Class: ClassName=Sheet2 Member=R2
Removed Member From Class: ClassName=Sheet2 Member=R3
Removed Member From Class: ClassName=Sheet2 Member=R4
Removed Member From Class: ClassName=Sheet2 Member=R5
Removed Member From Class: ClassName=Sheet2 Member=R6
Removed Member From Class: ClassName=Sheet2 Member=R7
Removed Member From Class: ClassName=Sheet2 Member=R8
Removed Member From Class: ClassName=Sheet2 Member=R9
Removed Member From Class: ClassName=Sheet2 Member=R10
Removed Member From Class: ClassName=Sheet2 Member=R11
Removed Member From Class: ClassName=Sheet2 Member=R12
Removed Member From Class: ClassName=Sheet2 Member=R13
Removed Member From Class: ClassName=Sheet2 Member=R14
Removed Member From Class: ClassName=Sheet2 Member=R15
Removed Member From Class: ClassName=Sheet2 Member=R16
Removed Member From Class: ClassName=Sheet2 Member=R17
Removed Member From Class: ClassName=Sheet2 Member=R18
Removed Member From Class: ClassName=Sheet2 Member=R19
Removed Member From Class: ClassName=Sheet2 Member=R20
Removed Member From Class: ClassName=Sheet2 Member=R21
Removed Member From Class: ClassName=Sheet2 Member=R22
Removed Member From Class: ClassName=Sheet2 Member=R23
Removed Member From Class: ClassName=Sheet2 Member=R24
Removed Member From Class: ClassName=Sheet2 Member=R25
Removed Member From Class: ClassName=Sheet2 Member=R26
Removed Member From Class: ClassName=Sheet2 Member=R27
Removed Member From Class: ClassName=Sheet2 Member=R28
Removed Member From Class: ClassName=Sheet2 Member=R29
Removed Member From Class: ClassName=Sheet2 Member=R30
Removed Member From Class: ClassName=Sheet2 Member=R31
Removed Member From Class: ClassName=Sheet2 Member=R32
Removed Member From Class: ClassName=Sheet2 Member=R33
Removed Member From Class: ClassName=Sheet2 Member=R34
Removed Member From Class: ClassName=Sheet2 Member=R35
Removed Member From Class: ClassName=Sheet2 Member=R36
Removed Member From Class: ClassName=Sheet2 Member=R37
Removed Member From Class: ClassName=Sheet2 Member=R38
Removed Member From Class: ClassName=Sheet2 Member=R39
Removed Member From Class: ClassName=Sheet2 Member=R40
Removed Member From Class: ClassName=Sheet2 Member=R41
Removed Member From Class: ClassName=Sheet2 Member=R42
Removed Member From Class: ClassName=Sheet2 Member=R43
Removed Member From Class: ClassName=Sheet2 Member=R44
Removed Member From Class: ClassName=Sheet2 Member=R45
Removed Member From Class: ClassName=Sheet2 Member=R46
Removed Member From Class: ClassName=Sheet2 Member=R47
Removed Member From Class: ClassName=Sheet2 Member=R48
Change Component Designator: OldDesignator=P? NewDesignator=P1
Added Component: Designator=C1_1(*CAPC1608X90)
Add component (AddParameter): Name = "ChipDip_Link"; Value = ""; VariantName = "[No Variations]"
Add component (AddParameter): Name = "HelpURL"; Value = ""; VariantName = "[No Variations]"
Add component (AddParameter): Name = "Instructions"; Value = ""; VariantName = "[No Variations]"
Add component (AddParameter): Name = "MF"; Value = "AVX"; VariantName = "[No Variations]"
Add component (AddParameter): Name = "MP"; Value = "GX035C104MAT2-500 or CL10B104JB8NNNC"; VariantName = "[No Variations]"
Add component (AddParameter): Name = "Pacage Metric"; Value = "1608"; VariantName = "[No Variations]"
Add component (AddParameter): Name = "Package"; Value = "0603 AVX"; VariantName = "[No Variations]"
Add component (AddParameter): Name = "SnapEDA_Link"; Value = "https://www.snapeda.com/parts/GX035C104MAT2-500/AVX/view-part/?ref=snap"; VariantName = "[No Variations]"
Add component (AddParameter): Name = "System"; Value = ""; VariantName = "[No Variations]"
Add component (AddParameter): Name = "Type"; Value = "SMD"; VariantName = "[No Variations]"
Add component (AddParameter): Name = "Value"; Value = "0.1u"; VariantName = "[No Variations]"
Added Component: Designator=C1_2(*CAPC1608X90)
Add component (AddParameter): Name = "ChipDip_Link"; Value = ""; VariantName = "[No Variations]"
Add component (AddParameter): Name = "HelpURL"; Value = ""; VariantName = "[No Variations]"
Add component (AddParameter): Name = "Instructions"; Value = ""; VariantName = "[No Variations]"
Add component (AddParameter): Name = "MF"; Value = "AVX"; VariantName = "[No Variations]"
Add component (AddParameter): Name = "MP"; Value = "GX035C104MAT2-500 or CL10B104JB8NNNC"; VariantName = "[No Variations]"
Add component (AddParameter): Name = "Pacage Metric"; Value = "1608"; VariantName = "[No Variations]"
Add component (AddParameter): Name = "Package"; Value = "0603 AVX"; VariantName = "[No Variations]"
Add component (AddParameter): Name = "SnapEDA_Link"; Value = "https://www.snapeda.com/parts/GX035C104MAT2-500/AVX/view-part/?ref=snap"; VariantName = "[No Variations]"
Add component (AddParameter): Name = "System"; Value = ""; VariantName = "[No Variations]"
Add component (AddParameter): Name = "Type"; Value = "SMD"; VariantName = "[No Variations]"
Add component (AddParameter): Name = "Value"; Value = "0.1u"; VariantName = "[No Variations]"
Added Component: Designator=C1_3(*CAPC1608X90)
Add component (AddParameter): Name = "ChipDip_Link"; Value = ""; VariantName = "[No Variations]"
Add component (AddParameter): Name = "HelpURL"; Value = ""; VariantName = "[No Variations]"
Add component (AddParameter): Name = "Instructions"; Value = ""; VariantName = "[No Variations]"
Add component (AddParameter): Name = "MF"; Value = "AVX"; VariantName = "[No Variations]"
Add component (AddParameter): Name = "MP"; Value = "GX035C104MAT2-500 or CL10B104JB8NNNC"; VariantName = "[No Variations]"
Add component (AddParameter): Name = "Pacage Metric"; Value = "1608"; VariantName = "[No Variations]"
Add component (AddParameter): Name = "Package"; Value = "0603 AVX"; VariantName = "[No Variations]"
Add component (AddParameter): Name = "SnapEDA_Link"; Value = "https://www.snapeda.com/parts/GX035C104MAT2-500/AVX/view-part/?ref=snap"; VariantName = "[No Variations]"
Add component (AddParameter): Name = "System"; Value = ""; VariantName = "[No Variations]"
Add component (AddParameter): Name = "Type"; Value = "SMD"; VariantName = "[No Variations]"
Add component (AddParameter): Name = "Value"; Value = "0.1u"; VariantName = "[No Variations]"
Added Component: Designator=C2_1(*CAPC1608X90)
Add component (AddParameter): Name = "ChipDip_Link"; Value = ""; VariantName = "[No Variations]"
Add component (AddParameter): Name = "HelpURL"; Value = ""; VariantName = "[No Variations]"
Add component (AddParameter): Name = "Instructions"; Value = ""; VariantName = "[No Variations]"
Add component (AddParameter): Name = "MF"; Value = "AVX"; VariantName = "[No Variations]"
Add component (AddParameter): Name = "MP"; Value = "GX035C104MAT2-500 or CL10B104JB8NNNC"; VariantName = "[No Variations]"
Add component (AddParameter): Name = "Pacage Metric"; Value = "1608"; VariantName = "[No Variations]"
Add component (AddParameter): Name = "Package"; Value = "0603 AVX"; VariantName = "[No Variations]"
Add component (AddParameter): Name = "SnapEDA_Link"; Value = "https://www.snapeda.com/parts/GX035C104MAT2-500/AVX/view-part/?ref=snap"; VariantName = "[No Variations]"
Add component (AddParameter): Name = "System"; Value = ""; VariantName = "[No Variations]"
Add component (AddParameter): Name = "Type"; Value = "SMD"; VariantName = "[No Variations]"
Add component (AddParameter): Name = "Value"; Value = "0.1u"; VariantName = "[No Variations]"
Added Component: Designator=C2_2(*CAPC1608X90)
Add component (AddParameter): Name = "ChipDip_Link"; Value = ""; VariantName = "[No Variations]"
Add component (AddParameter): Name = "HelpURL"; Value = ""; VariantName = "[No Variations]"
Add component (AddParameter): Name = "Instructions"; Value = ""; VariantName = "[No Variations]"
Add component (AddParameter): Name = "MF"; Value = "AVX"; VariantName = "[No Variations]"
Add component (AddParameter): Name = "MP"; Value = "GX035C104MAT2-500 or CL10B104JB8NNNC"; VariantName = "[No Variations]"
Add component (AddParameter): Name = "Pacage Metric"; Value = "1608"; VariantName = "[No Variations]"
Add component (AddParameter): Name = "Package"; Value = "0603 AVX"; VariantName = "[No Variations]"
Add component (AddParameter): Name = "SnapEDA_Link"; Value = "https://www.snapeda.com/parts/GX035C104MAT2-500/AVX/view-part/?ref=snap"; VariantName = "[No Variations]"
Add component (AddParameter): Name = "System"; Value = ""; VariantName = "[No Variations]"
Add component (AddParameter): Name = "Type"; Value = "SMD"; VariantName = "[No Variations]"
Add component (AddParameter): Name = "Value"; Value = "0.1u"; VariantName = "[No Variations]"
Added Component: Designator=C2_3(*CAPC1608X90)
Add component (AddParameter): Name = "ChipDip_Link"; Value = ""; VariantName = "[No Variations]"
Add component (AddParameter): Name = "HelpURL"; Value = ""; VariantName = "[No Variations]"
Add component (AddParameter): Name = "Instructions"; Value = ""; VariantName = "[No Variations]"
Add component (AddParameter): Name = "MF"; Value = "AVX"; VariantName = "[No Variations]"
Add component (AddParameter): Name = "MP"; Value = "GX035C104MAT2-500 or CL10B104JB8NNNC"; VariantName = "[No Variations]"
Add component (AddParameter): Name = "Pacage Metric"; Value = "1608"; VariantName = "[No Variations]"
Add component (AddParameter): Name = "Package"; Value = "0603 AVX"; VariantName = "[No Variations]"
Add component (AddParameter): Name = "SnapEDA_Link"; Value = "https://www.snapeda.com/parts/GX035C104MAT2-500/AVX/view-part/?ref=snap"; VariantName = "[No Variations]"
Add component (AddParameter): Name = "System"; Value = ""; VariantName = "[No Variations]"
Add component (AddParameter): Name = "Type"; Value = "SMD"; VariantName = "[No Variations]"
Add component (AddParameter): Name = "Value"; Value = "0.1u"; VariantName = "[No Variations]"
Added Component: Designator=Q1_1(SOT23-6)
Add component (AddParameter): Name = "Availability"; Value = "Unavailable"; VariantName = "[No Variations]"
Add component (AddParameter): Name = "ChipDip_Link"; Value = "https://www.chipdip.ru/product/irf5852trpbf"; VariantName = "[No Variations]"
Add component (AddParameter): Name = "HelpURL"; Value = "https://static.chipdip.ru/lib/300/DOC000300076.pdf"; VariantName = "[No Variations]"
Add component (AddParameter): Name = "MF"; Value = "Infineon"; VariantName = "[No Variations]"
Add component (AddParameter): Name = "MP"; Value = "IRF5852"; VariantName = "[No Variations]"
Add component (AddParameter): Name = "Package"; Value = "TSOP-6 International Rectifier"; VariantName = "[No Variations]"
Add component (AddParameter): Name = "Price"; Value = "None"; VariantName = "[No Variations]"
Add component (AddParameter): Name = "SnapEDA_Link"; Value = "https://www.snapeda.com/parts/IRF5852/Infineon%20Technologies/view-part/593138/?ref=snap"; VariantName = "[No Variations]"
Add component (AddParameter): Name = "Value"; Value = ""; VariantName = "[No Variations]"
Added Component: Designator=Q1_2(SOT23-6)
Add component (AddParameter): Name = "Availability"; Value = "Unavailable"; VariantName = "[No Variations]"
Add component (AddParameter): Name = "ChipDip_Link"; Value = "https://www.chipdip.ru/product/irf5852trpbf"; VariantName = "[No Variations]"
Add component (AddParameter): Name = "HelpURL"; Value = "https://static.chipdip.ru/lib/300/DOC000300076.pdf"; VariantName = "[No Variations]"
Add component (AddParameter): Name = "MF"; Value = "Infineon"; VariantName = "[No Variations]"
Add component (AddParameter): Name = "MP"; Value = "IRF5852"; VariantName = "[No Variations]"
Add component (AddParameter): Name = "Package"; Value = "TSOP-6 International Rectifier"; VariantName = "[No Variations]"
Add component (AddParameter): Name = "Price"; Value = "None"; VariantName = "[No Variations]"
Add component (AddParameter): Name = "SnapEDA_Link"; Value = "https://www.snapeda.com/parts/IRF5852/Infineon%20Technologies/view-part/593138/?ref=snap"; VariantName = "[No Variations]"
Add component (AddParameter): Name = "Value"; Value = ""; VariantName = "[No Variations]"
Added Component: Designator=Q1_3(SOT23-6)
Add component (AddParameter): Name = "Availability"; Value = "Unavailable"; VariantName = "[No Variations]"
Add component (AddParameter): Name = "ChipDip_Link"; Value = "https://www.chipdip.ru/product/irf5852trpbf"; VariantName = "[No Variations]"
Add component (AddParameter): Name = "HelpURL"; Value = "https://static.chipdip.ru/lib/300/DOC000300076.pdf"; VariantName = "[No Variations]"
Add component (AddParameter): Name = "MF"; Value = "Infineon"; VariantName = "[No Variations]"
Add component (AddParameter): Name = "MP"; Value = "IRF5852"; VariantName = "[No Variations]"
Add component (AddParameter): Name = "Package"; Value = "TSOP-6 International Rectifier"; VariantName = "[No Variations]"
Add component (AddParameter): Name = "Price"; Value = "None"; VariantName = "[No Variations]"
Add component (AddParameter): Name = "SnapEDA_Link"; Value = "https://www.snapeda.com/parts/IRF5852/Infineon%20Technologies/view-part/593138/?ref=snap"; VariantName = "[No Variations]"
Add component (AddParameter): Name = "Value"; Value = ""; VariantName = "[No Variations]"
Added Component: Designator=R1_1(J1-0603)
Add component (AddParameter): Name = "LatestRevisionDate"; Value = "29-May-2009"; VariantName = "[No Variations]"
Add component (AddParameter): Name = "LatestRevisionNote"; Value = "IPC-7351 Footprint Added."; VariantName = "[No Variations]"
Add component (AddParameter): Name = "PackageDescription"; Value = "Chip Resistor"; VariantName = "[No Variations]"
Add component (AddParameter): Name = "PackageReference"; Value = "J1-0603"; VariantName = "[No Variations]"
Add component (AddParameter): Name = "Published"; Value = "8-Jun-2000"; VariantName = "[No Variations]"
Add component (AddParameter): Name = "Publisher"; Value = "Altium Limited"; VariantName = "[No Variations]"
Add component (AddParameter): Name = "Value"; Value = "100"; VariantName = "[No Variations]"
Added Component: Designator=R1_2(J1-0603)
Add component (AddParameter): Name = "LatestRevisionDate"; Value = "29-May-2009"; VariantName = "[No Variations]"
Add component (AddParameter): Name = "LatestRevisionNote"; Value = "IPC-7351 Footprint Added."; VariantName = "[No Variations]"
Add component (AddParameter): Name = "PackageDescription"; Value = "Chip Resistor"; VariantName = "[No Variations]"
Add component (AddParameter): Name = "PackageReference"; Value = "J1-0603"; VariantName = "[No Variations]"
Add component (AddParameter): Name = "Published"; Value = "8-Jun-2000"; VariantName = "[No Variations]"
Add component (AddParameter): Name = "Publisher"; Value = "Altium Limited"; VariantName = "[No Variations]"
Add component (AddParameter): Name = "Value"; Value = "100"; VariantName = "[No Variations]"
Added Component: Designator=R1_3(J1-0603)
Add component (AddParameter): Name = "LatestRevisionDate"; Value = "29-May-2009"; VariantName = "[No Variations]"
Add component (AddParameter): Name = "LatestRevisionNote"; Value = "IPC-7351 Footprint Added."; VariantName = "[No Variations]"
Add component (AddParameter): Name = "PackageDescription"; Value = "Chip Resistor"; VariantName = "[No Variations]"
Add component (AddParameter): Name = "PackageReference"; Value = "J1-0603"; VariantName = "[No Variations]"
Add component (AddParameter): Name = "Published"; Value = "8-Jun-2000"; VariantName = "[No Variations]"
Add component (AddParameter): Name = "Publisher"; Value = "Altium Limited"; VariantName = "[No Variations]"
Add component (AddParameter): Name = "Value"; Value = "100"; VariantName = "[No Variations]"
Added Component: Designator=R2_1(J1-0603)
Add component (AddParameter): Name = "LatestRevisionDate"; Value = "29-May-2009"; VariantName = "[No Variations]"
Add component (AddParameter): Name = "LatestRevisionNote"; Value = "IPC-7351 Footprint Added."; VariantName = "[No Variations]"
Add component (AddParameter): Name = "PackageDescription"; Value = "Chip Resistor"; VariantName = "[No Variations]"
Add component (AddParameter): Name = "PackageReference"; Value = "J1-0603"; VariantName = "[No Variations]"
Add component (AddParameter): Name = "Published"; Value = "8-Jun-2000"; VariantName = "[No Variations]"
Add component (AddParameter): Name = "Publisher"; Value = "Altium Limited"; VariantName = "[No Variations]"
Add component (AddParameter): Name = "Value"; Value = "100"; VariantName = "[No Variations]"
Added Component: Designator=R2_2(J1-0603)
Add component (AddParameter): Name = "LatestRevisionDate"; Value = "29-May-2009"; VariantName = "[No Variations]"
Add component (AddParameter): Name = "LatestRevisionNote"; Value = "IPC-7351 Footprint Added."; VariantName = "[No Variations]"
Add component (AddParameter): Name = "PackageDescription"; Value = "Chip Resistor"; VariantName = "[No Variations]"
Add component (AddParameter): Name = "PackageReference"; Value = "J1-0603"; VariantName = "[No Variations]"
Add component (AddParameter): Name = "Published"; Value = "8-Jun-2000"; VariantName = "[No Variations]"
Add component (AddParameter): Name = "Publisher"; Value = "Altium Limited"; VariantName = "[No Variations]"
Add component (AddParameter): Name = "Value"; Value = "100"; VariantName = "[No Variations]"
Added Component: Designator=R2_3(J1-0603)
Add component (AddParameter): Name = "LatestRevisionDate"; Value = "29-May-2009"; VariantName = "[No Variations]"
Add component (AddParameter): Name = "LatestRevisionNote"; Value = "IPC-7351 Footprint Added."; VariantName = "[No Variations]"
Add component (AddParameter): Name = "PackageDescription"; Value = "Chip Resistor"; VariantName = "[No Variations]"
Add component (AddParameter): Name = "PackageReference"; Value = "J1-0603"; VariantName = "[No Variations]"
Add component (AddParameter): Name = "Published"; Value = "8-Jun-2000"; VariantName = "[No Variations]"
Add component (AddParameter): Name = "Publisher"; Value = "Altium Limited"; VariantName = "[No Variations]"
Add component (AddParameter): Name = "Value"; Value = "100"; VariantName = "[No Variations]"
Added Component: Designator=R3_1(12Z-2010)
Add component (AddParameter): Name = "LatestRevisionDate"; Value = "29-May-2009"; VariantName = "[No Variations]"
Add component (AddParameter): Name = "LatestRevisionNote"; Value = "IPC-7351 Footprint Added."; VariantName = "[No Variations]"
Add component (AddParameter): Name = "PackageDescription"; Value = "Chip Resistor"; VariantName = "[No Variations]"
Add component (AddParameter): Name = "PackageReference"; Value = "J1-0603"; VariantName = "[No Variations]"
Add component (AddParameter): Name = "Published"; Value = "8-Jun-2000"; VariantName = "[No Variations]"
Add component (AddParameter): Name = "Publisher"; Value = "Altium Limited"; VariantName = "[No Variations]"
Add component (AddParameter): Name = "Value"; Value = "33"; VariantName = "[No Variations]"
Added Component: Designator=R3_2(12Z-2010)
Add component (AddParameter): Name = "LatestRevisionDate"; Value = "29-May-2009"; VariantName = "[No Variations]"
Add component (AddParameter): Name = "LatestRevisionNote"; Value = "IPC-7351 Footprint Added."; VariantName = "[No Variations]"
Add component (AddParameter): Name = "PackageDescription"; Value = "Chip Resistor"; VariantName = "[No Variations]"
Add component (AddParameter): Name = "PackageReference"; Value = "J1-0603"; VariantName = "[No Variations]"
Add component (AddParameter): Name = "Published"; Value = "8-Jun-2000"; VariantName = "[No Variations]"
Add component (AddParameter): Name = "Publisher"; Value = "Altium Limited"; VariantName = "[No Variations]"
Add component (AddParameter): Name = "Value"; Value = "33"; VariantName = "[No Variations]"
Added Component: Designator=R3_3(12Z-2010)
Add component (AddParameter): Name = "LatestRevisionDate"; Value = "29-May-2009"; VariantName = "[No Variations]"
Add component (AddParameter): Name = "LatestRevisionNote"; Value = "IPC-7351 Footprint Added."; VariantName = "[No Variations]"
Add component (AddParameter): Name = "PackageDescription"; Value = "Chip Resistor"; VariantName = "[No Variations]"
Add component (AddParameter): Name = "PackageReference"; Value = "J1-0603"; VariantName = "[No Variations]"
Add component (AddParameter): Name = "Published"; Value = "8-Jun-2000"; VariantName = "[No Variations]"
Add component (AddParameter): Name = "Publisher"; Value = "Altium Limited"; VariantName = "[No Variations]"
Add component (AddParameter): Name = "Value"; Value = "33"; VariantName = "[No Variations]"
Added Component: Designator=R4_1(12Z-2010)
Add component (AddParameter): Name = "LatestRevisionDate"; Value = "29-May-2009"; VariantName = "[No Variations]"
Add component (AddParameter): Name = "LatestRevisionNote"; Value = "IPC-7351 Footprint Added."; VariantName = "[No Variations]"
Add component (AddParameter): Name = "PackageDescription"; Value = "Chip Resistor"; VariantName = "[No Variations]"
Add component (AddParameter): Name = "PackageReference"; Value = "J1-0603"; VariantName = "[No Variations]"
Add component (AddParameter): Name = "Published"; Value = "8-Jun-2000"; VariantName = "[No Variations]"
Add component (AddParameter): Name = "Publisher"; Value = "Altium Limited"; VariantName = "[No Variations]"
Add component (AddParameter): Name = "Value"; Value = "33"; VariantName = "[No Variations]"
Added Component: Designator=R4_2(12Z-2010)
Add component (AddParameter): Name = "LatestRevisionDate"; Value = "29-May-2009"; VariantName = "[No Variations]"
Add component (AddParameter): Name = "LatestRevisionNote"; Value = "IPC-7351 Footprint Added."; VariantName = "[No Variations]"
Add component (AddParameter): Name = "PackageDescription"; Value = "Chip Resistor"; VariantName = "[No Variations]"
Add component (AddParameter): Name = "PackageReference"; Value = "J1-0603"; VariantName = "[No Variations]"
Add component (AddParameter): Name = "Published"; Value = "8-Jun-2000"; VariantName = "[No Variations]"
Add component (AddParameter): Name = "Publisher"; Value = "Altium Limited"; VariantName = "[No Variations]"
Add component (AddParameter): Name = "Value"; Value = "33"; VariantName = "[No Variations]"
Added Component: Designator=R4_3(12Z-2010)
Add component (AddParameter): Name = "LatestRevisionDate"; Value = "29-May-2009"; VariantName = "[No Variations]"
Add component (AddParameter): Name = "LatestRevisionNote"; Value = "IPC-7351 Footprint Added."; VariantName = "[No Variations]"
Add component (AddParameter): Name = "PackageDescription"; Value = "Chip Resistor"; VariantName = "[No Variations]"
Add component (AddParameter): Name = "PackageReference"; Value = "J1-0603"; VariantName = "[No Variations]"
Add component (AddParameter): Name = "Published"; Value = "8-Jun-2000"; VariantName = "[No Variations]"
Add component (AddParameter): Name = "Publisher"; Value = "Altium Limited"; VariantName = "[No Variations]"
Add component (AddParameter): Name = "Value"; Value = "33"; VariantName = "[No Variations]"
Added Component: Designator=R5_1(12Z-2010)
Add component (AddParameter): Name = "LatestRevisionDate"; Value = "29-May-2009"; VariantName = "[No Variations]"
Add component (AddParameter): Name = "LatestRevisionNote"; Value = "IPC-7351 Footprint Added."; VariantName = "[No Variations]"
Add component (AddParameter): Name = "PackageDescription"; Value = "Chip Resistor"; VariantName = "[No Variations]"
Add component (AddParameter): Name = "PackageReference"; Value = "J1-0603"; VariantName = "[No Variations]"
Add component (AddParameter): Name = "Published"; Value = "8-Jun-2000"; VariantName = "[No Variations]"
Add component (AddParameter): Name = "Publisher"; Value = "Altium Limited"; VariantName = "[No Variations]"
Add component (AddParameter): Name = "Value"; Value = "33"; VariantName = "[No Variations]"
Added Component: Designator=R5_2(12Z-2010)
Add component (AddParameter): Name = "LatestRevisionDate"; Value = "29-May-2009"; VariantName = "[No Variations]"
Add component (AddParameter): Name = "LatestRevisionNote"; Value = "IPC-7351 Footprint Added."; VariantName = "[No Variations]"
Add component (AddParameter): Name = "PackageDescription"; Value = "Chip Resistor"; VariantName = "[No Variations]"
Add component (AddParameter): Name = "PackageReference"; Value = "J1-0603"; VariantName = "[No Variations]"
Add component (AddParameter): Name = "Published"; Value = "8-Jun-2000"; VariantName = "[No Variations]"
Add component (AddParameter): Name = "Publisher"; Value = "Altium Limited"; VariantName = "[No Variations]"
Add component (AddParameter): Name = "Value"; Value = "33"; VariantName = "[No Variations]"
Added Component: Designator=R5_3(12Z-2010)
Add component (AddParameter): Name = "LatestRevisionDate"; Value = "29-May-2009"; VariantName = "[No Variations]"
Add component (AddParameter): Name = "LatestRevisionNote"; Value = "IPC-7351 Footprint Added."; VariantName = "[No Variations]"
Add component (AddParameter): Name = "PackageDescription"; Value = "Chip Resistor"; VariantName = "[No Variations]"
Add component (AddParameter): Name = "PackageReference"; Value = "J1-0603"; VariantName = "[No Variations]"
Add component (AddParameter): Name = "Published"; Value = "8-Jun-2000"; VariantName = "[No Variations]"
Add component (AddParameter): Name = "Publisher"; Value = "Altium Limited"; VariantName = "[No Variations]"
Add component (AddParameter): Name = "Value"; Value = "33"; VariantName = "[No Variations]"
Added Component: Designator=R6_1(12Z-2010)
Add component (AddParameter): Name = "LatestRevisionDate"; Value = "29-May-2009"; VariantName = "[No Variations]"
Add component (AddParameter): Name = "LatestRevisionNote"; Value = "IPC-7351 Footprint Added."; VariantName = "[No Variations]"
Add component (AddParameter): Name = "PackageDescription"; Value = "Chip Resistor"; VariantName = "[No Variations]"
Add component (AddParameter): Name = "PackageReference"; Value = "J1-0603"; VariantName = "[No Variations]"
Add component (AddParameter): Name = "Published"; Value = "8-Jun-2000"; VariantName = "[No Variations]"
Add component (AddParameter): Name = "Publisher"; Value = "Altium Limited"; VariantName = "[No Variations]"
Add component (AddParameter): Name = "Value"; Value = "33"; VariantName = "[No Variations]"
Added Component: Designator=R6_2(12Z-2010)
Add component (AddParameter): Name = "LatestRevisionDate"; Value = "29-May-2009"; VariantName = "[No Variations]"
Add component (AddParameter): Name = "LatestRevisionNote"; Value = "IPC-7351 Footprint Added."; VariantName = "[No Variations]"
Add component (AddParameter): Name = "PackageDescription"; Value = "Chip Resistor"; VariantName = "[No Variations]"
Add component (AddParameter): Name = "PackageReference"; Value = "J1-0603"; VariantName = "[No Variations]"
Add component (AddParameter): Name = "Published"; Value = "8-Jun-2000"; VariantName = "[No Variations]"
Add component (AddParameter): Name = "Publisher"; Value = "Altium Limited"; VariantName = "[No Variations]"
Add component (AddParameter): Name = "Value"; Value = "33"; VariantName = "[No Variations]"
Added Component: Designator=R6_3(12Z-2010)
Add component (AddParameter): Name = "LatestRevisionDate"; Value = "29-May-2009"; VariantName = "[No Variations]"
Add component (AddParameter): Name = "LatestRevisionNote"; Value = "IPC-7351 Footprint Added."; VariantName = "[No Variations]"
Add component (AddParameter): Name = "PackageDescription"; Value = "Chip Resistor"; VariantName = "[No Variations]"
Add component (AddParameter): Name = "PackageReference"; Value = "J1-0603"; VariantName = "[No Variations]"
Add component (AddParameter): Name = "Published"; Value = "8-Jun-2000"; VariantName = "[No Variations]"
Add component (AddParameter): Name = "Publisher"; Value = "Altium Limited"; VariantName = "[No Variations]"
Add component (AddParameter): Name = "Value"; Value = "33"; VariantName = "[No Variations]"
Added Component: Designator=U1_1(sot23-6)
Add component (AddParameter): Name = "Availability"; Value = "Unavailable"; VariantName = "[No Variations]"
Add component (AddParameter): Name = "ChipDip_Link"; Value = "http://www.hycontek.com/wp-content/uploads/DS-HY2213_EN.pdf"; VariantName = "[No Variations]"
Add component (AddParameter): Name = "HelpURL"; Value = "http://www.hycontek.com/wp-content/uploads/DS-HY2213_EN.pdf"; VariantName = "[No Variations]"
Add component (AddParameter): Name = "MF"; Value = "infineon"; VariantName = "[No Variations]"
Add component (AddParameter): Name = "MP"; Value = "IRS10752LTRPBF"; VariantName = "[No Variations]"
Add component (AddParameter): Name = "Package"; Value = "SOT-23-6"; VariantName = "[No Variations]"
Add component (AddParameter): Name = "Price"; Value = "None"; VariantName = "[No Variations]"
Add component (AddParameter): Name = "SnapEDA_Link"; Value = "https://www.snapeda.com/parts/IRS10752LTRPBF/Infineon%20Technologies/view-part/?ref=search&t=IRS10752"; VariantName = "[No Variations]"
Add component (AddParameter): Name = "Value"; Value = ""; VariantName = "[No Variations]"
Added Component: Designator=U1_2(sot23-6)
Add component (AddParameter): Name = "Availability"; Value = "Unavailable"; VariantName = "[No Variations]"
Add component (AddParameter): Name = "ChipDip_Link"; Value = "http://www.hycontek.com/wp-content/uploads/DS-HY2213_EN.pdf"; VariantName = "[No Variations]"
Add component (AddParameter): Name = "HelpURL"; Value = "http://www.hycontek.com/wp-content/uploads/DS-HY2213_EN.pdf"; VariantName = "[No Variations]"
Add component (AddParameter): Name = "MF"; Value = "infineon"; VariantName = "[No Variations]"
Add component (AddParameter): Name = "MP"; Value = "IRS10752LTRPBF"; VariantName = "[No Variations]"
Add component (AddParameter): Name = "Package"; Value = "SOT-23-6"; VariantName = "[No Variations]"
Add component (AddParameter): Name = "Price"; Value = "None"; VariantName = "[No Variations]"
Add component (AddParameter): Name = "SnapEDA_Link"; Value = "https://www.snapeda.com/parts/IRS10752LTRPBF/Infineon%20Technologies/view-part/?ref=search&t=IRS10752"; VariantName = "[No Variations]"
Add component (AddParameter): Name = "Value"; Value = ""; VariantName = "[No Variations]"
Added Component: Designator=U1_3(sot23-6)
Add component (AddParameter): Name = "Availability"; Value = "Unavailable"; VariantName = "[No Variations]"
Add component (AddParameter): Name = "ChipDip_Link"; Value = "http://www.hycontek.com/wp-content/uploads/DS-HY2213_EN.pdf"; VariantName = "[No Variations]"
Add component (AddParameter): Name = "HelpURL"; Value = "http://www.hycontek.com/wp-content/uploads/DS-HY2213_EN.pdf"; VariantName = "[No Variations]"
Add component (AddParameter): Name = "MF"; Value = "infineon"; VariantName = "[No Variations]"
Add component (AddParameter): Name = "MP"; Value = "IRS10752LTRPBF"; VariantName = "[No Variations]"
Add component (AddParameter): Name = "Package"; Value = "SOT-23-6"; VariantName = "[No Variations]"
Add component (AddParameter): Name = "Price"; Value = "None"; VariantName = "[No Variations]"
Add component (AddParameter): Name = "SnapEDA_Link"; Value = "https://www.snapeda.com/parts/IRS10752LTRPBF/Infineon%20Technologies/view-part/?ref=search&t=IRS10752"; VariantName = "[No Variations]"
Add component (AddParameter): Name = "Value"; Value = ""; VariantName = "[No Variations]"
Added Component: Designator=U2_1(sot23-6)
Add component (AddParameter): Name = "Availability"; Value = "Unavailable"; VariantName = "[No Variations]"
Add component (AddParameter): Name = "ChipDip_Link"; Value = "http://www.hycontek.com/wp-content/uploads/DS-HY2213_EN.pdf"; VariantName = "[No Variations]"
Add component (AddParameter): Name = "HelpURL"; Value = "http://www.hycontek.com/wp-content/uploads/DS-HY2213_EN.pdf"; VariantName = "[No Variations]"
Add component (AddParameter): Name = "MF"; Value = "infineon"; VariantName = "[No Variations]"
Add component (AddParameter): Name = "MP"; Value = "IRS10752LTRPBF"; VariantName = "[No Variations]"
Add component (AddParameter): Name = "Package"; Value = "SOT-23-6"; VariantName = "[No Variations]"
Add component (AddParameter): Name = "Price"; Value = "None"; VariantName = "[No Variations]"
Add component (AddParameter): Name = "SnapEDA_Link"; Value = "https://www.snapeda.com/parts/IRS10752LTRPBF/Infineon%20Technologies/view-part/?ref=search&t=IRS10752"; VariantName = "[No Variations]"
Add component (AddParameter): Name = "Value"; Value = ""; VariantName = "[No Variations]"
Added Component: Designator=U2_2(sot23-6)
Add component (AddParameter): Name = "Availability"; Value = "Unavailable"; VariantName = "[No Variations]"
Add component (AddParameter): Name = "ChipDip_Link"; Value = "http://www.hycontek.com/wp-content/uploads/DS-HY2213_EN.pdf"; VariantName = "[No Variations]"
Add component (AddParameter): Name = "HelpURL"; Value = "http://www.hycontek.com/wp-content/uploads/DS-HY2213_EN.pdf"; VariantName = "[No Variations]"
Add component (AddParameter): Name = "MF"; Value = "infineon"; VariantName = "[No Variations]"
Add component (AddParameter): Name = "MP"; Value = "IRS10752LTRPBF"; VariantName = "[No Variations]"
Add component (AddParameter): Name = "Package"; Value = "SOT-23-6"; VariantName = "[No Variations]"
Add component (AddParameter): Name = "Price"; Value = "None"; VariantName = "[No Variations]"
Add component (AddParameter): Name = "SnapEDA_Link"; Value = "https://www.snapeda.com/parts/IRS10752LTRPBF/Infineon%20Technologies/view-part/?ref=search&t=IRS10752"; VariantName = "[No Variations]"
Add component (AddParameter): Name = "Value"; Value = ""; VariantName = "[No Variations]"
Added Component: Designator=U2_3(sot23-6)
Add component (AddParameter): Name = "Availability"; Value = "Unavailable"; VariantName = "[No Variations]"
Add component (AddParameter): Name = "ChipDip_Link"; Value = "http://www.hycontek.com/wp-content/uploads/DS-HY2213_EN.pdf"; VariantName = "[No Variations]"
Add component (AddParameter): Name = "HelpURL"; Value = "http://www.hycontek.com/wp-content/uploads/DS-HY2213_EN.pdf"; VariantName = "[No Variations]"
Add component (AddParameter): Name = "MF"; Value = "infineon"; VariantName = "[No Variations]"
Add component (AddParameter): Name = "MP"; Value = "IRS10752LTRPBF"; VariantName = "[No Variations]"
Add component (AddParameter): Name = "Package"; Value = "SOT-23-6"; VariantName = "[No Variations]"
Add component (AddParameter): Name = "Price"; Value = "None"; VariantName = "[No Variations]"
Add component (AddParameter): Name = "SnapEDA_Link"; Value = "https://www.snapeda.com/parts/IRS10752LTRPBF/Infineon%20Technologies/view-part/?ref=search&t=IRS10752"; VariantName = "[No Variations]"
Add component (AddParameter): Name = "Value"; Value = ""; VariantName = "[No Variations]"
Added Pin To Net: NetName=S5 Pin=C1_1-2
Added Pin To Net: NetName=S3 Pin=C1_2-2
Added Pin To Net: NetName=S1 Pin=C1_3-2
Added Pin To Net: NetName=S4 Pin=C2_1-2
Added Pin To Net: NetName=S2 Pin=C2_2-2
Added Pin To Net: NetName=GND Pin=C2_3-2
Added Pin To Net: NetName=S4 Pin=Q1_1-4
Added Pin To Net: NetName=S5 Pin=Q1_1-5
Added Pin To Net: NetName=S2 Pin=Q1_2-4
Added Pin To Net: NetName=S3 Pin=Q1_2-5
Added Pin To Net: NetName=GND Pin=Q1_3-4
Added Pin To Net: NetName=S1 Pin=Q1_3-5
Added Pin To Net: NetName=S6 Pin=R1_1-2
Added Pin To Net: NetName=S4 Pin=R1_2-2
Added Pin To Net: NetName=S2 Pin=R1_3-2
Added Pin To Net: NetName=S5 Pin=R2_1-2
Added Pin To Net: NetName=S3 Pin=R2_2-2
Added Pin To Net: NetName=S1 Pin=R2_3-2
Added Pin To Net: NetName=S6 Pin=R3_1-2
Added Pin To Net: NetName=S4 Pin=R3_2-2
Added Pin To Net: NetName=S2 Pin=R3_3-2
Added Pin To Net: NetName=S5 Pin=R4_1-2
Added Pin To Net: NetName=S3 Pin=R4_2-2
Added Pin To Net: NetName=S1 Pin=R4_3-2
Added Pin To Net: NetName=S6 Pin=R5_1-2
Added Pin To Net: NetName=S4 Pin=R5_2-2
Added Pin To Net: NetName=S2 Pin=R5_3-2
Added Pin To Net: NetName=S5 Pin=R6_1-2
Added Pin To Net: NetName=S3 Pin=R6_2-2
Added Pin To Net: NetName=S1 Pin=R6_3-2
Added Pin To Net: NetName=S5 Pin=U1_1-3
Added Pin To Net: NetName=S3 Pin=U1_2-3
Added Pin To Net: NetName=S1 Pin=U1_3-3
Added Pin To Net: NetName=S4 Pin=U2_1-3
Added Pin To Net: NetName=S2 Pin=U2_2-3
Added Pin To Net: NetName=GND Pin=U2_3-3
Added Pin To Net: NetName=NetC1_1_1 Pin=C1_1-1
Added Pin To Net: NetName=NetC1_1_1 Pin=R1_1-1
Added Pin To Net: NetName=NetC1_1_1 Pin=U1_1-2
Added Net: Name=NetC1_1_1
Added Pin To Net: NetName=NetC1_2_1 Pin=C1_2-1
Added Pin To Net: NetName=NetC1_2_1 Pin=R1_2-1
Added Pin To Net: NetName=NetC1_2_1 Pin=U1_2-2
Added Net: Name=NetC1_2_1
Added Pin To Net: NetName=NetC1_3_1 Pin=C1_3-1
Added Pin To Net: NetName=NetC1_3_1 Pin=R1_3-1
Added Pin To Net: NetName=NetC1_3_1 Pin=U1_3-2
Added Net: Name=NetC1_3_1
Added Pin To Net: NetName=NetC2_1_1 Pin=C2_1-1
Added Pin To Net: NetName=NetC2_1_1 Pin=R2_1-1
Added Pin To Net: NetName=NetC2_1_1 Pin=U2_1-2
Added Net: Name=NetC2_1_1
Added Pin To Net: NetName=NetC2_2_1 Pin=C2_2-1
Added Pin To Net: NetName=NetC2_2_1 Pin=R2_2-1
Added Pin To Net: NetName=NetC2_2_1 Pin=U2_2-2
Added Net: Name=NetC2_2_1
Added Pin To Net: NetName=NetC2_3_1 Pin=C2_3-1
Added Pin To Net: NetName=NetC2_3_1 Pin=R2_3-1
Added Pin To Net: NetName=NetC2_3_1 Pin=U2_3-2
Added Net: Name=NetC2_3_1
Added Pin To Net: NetName=NetQ1_1_1 Pin=Q1_1-1
Added Pin To Net: NetName=NetQ1_1_1 Pin=U1_1-6
Added Net: Name=NetQ1_1_1
Added Pin To Net: NetName=NetQ1_1_2 Pin=Q1_1-2
Added Pin To Net: NetName=NetQ1_1_2 Pin=R4_1-1
Added Pin To Net: NetName=NetQ1_1_2 Pin=R6_1-1
Added Net: Name=NetQ1_1_2
Added Pin To Net: NetName=NetQ1_1_3 Pin=Q1_1-3
Added Pin To Net: NetName=NetQ1_1_3 Pin=U2_1-6
Added Net: Name=NetQ1_1_3
Added Pin To Net: NetName=NetQ1_1_6 Pin=Q1_1-6
Added Pin To Net: NetName=NetQ1_1_6 Pin=R3_1-1
Added Pin To Net: NetName=NetQ1_1_6 Pin=R5_1-1
Added Net: Name=NetQ1_1_6
Added Pin To Net: NetName=NetQ1_2_1 Pin=Q1_2-1
Added Pin To Net: NetName=NetQ1_2_1 Pin=U1_2-6
Added Net: Name=NetQ1_2_1
Added Pin To Net: NetName=NetQ1_2_2 Pin=Q1_2-2
Added Pin To Net: NetName=NetQ1_2_2 Pin=R4_2-1
Added Pin To Net: NetName=NetQ1_2_2 Pin=R6_2-1
Added Net: Name=NetQ1_2_2
Added Pin To Net: NetName=NetQ1_2_3 Pin=Q1_2-3
Added Pin To Net: NetName=NetQ1_2_3 Pin=U2_2-6
Added Net: Name=NetQ1_2_3
Added Pin To Net: NetName=NetQ1_2_6 Pin=Q1_2-6
Added Pin To Net: NetName=NetQ1_2_6 Pin=R3_2-1
Added Pin To Net: NetName=NetQ1_2_6 Pin=R5_2-1
Added Net: Name=NetQ1_2_6
Added Pin To Net: NetName=NetQ1_3_1 Pin=Q1_3-1
Added Pin To Net: NetName=NetQ1_3_1 Pin=U1_3-6
Added Net: Name=NetQ1_3_1
Added Pin To Net: NetName=NetQ1_3_2 Pin=Q1_3-2
Added Pin To Net: NetName=NetQ1_3_2 Pin=R4_3-1
Added Pin To Net: NetName=NetQ1_3_2 Pin=R6_3-1
Added Net: Name=NetQ1_3_2
Added Pin To Net: NetName=NetQ1_3_3 Pin=Q1_3-3
Added Pin To Net: NetName=NetQ1_3_3 Pin=U2_3-6
Added Net: Name=NetQ1_3_3
Added Pin To Net: NetName=NetQ1_3_6 Pin=Q1_3-6
Added Pin To Net: NetName=NetQ1_3_6 Pin=R3_3-1
Added Pin To Net: NetName=NetQ1_3_6 Pin=R5_3-1
Added Net: Name=NetQ1_3_6
Added Class: Name=1
Added Class: Name=2
Added Class: Name=3
Added Class: Name=2s
