Removed Pin From Net: NetName=S1 Pin=P1-2
Removed Pin From Net: NetName=S2 Pin=P1-3
Removed Pin From Net: NetName=S3 Pin=P1-4
Removed Pin From Net: NetName=S5 Pin=P1-6
Added Component: Designator=C2_1(*CAPC1608X90)
Add component (AddParameter): Name = "ChipDip_Link"; Value = ""; VariantName = "[No Variations]"
Add component (AddParameter): Name = "HelpURL"; Value = ""; VariantName = "[No Variations]"
Add component (AddParameter): Name = "Instructions"; Value = ""; VariantName = "[No Variations]"
Add component (AddParameter): Name = "MF"; Value = "AVX"; VariantName = "[No Variations]"
Add component (AddParameter): Name = "MP"; Value = "GX035C104MAT2-500 or CL10B104JB8NNNC"; VariantName = "[No Variations]"
Add component (AddParameter): Name = "Pacage Metric"; Value = "1608"; VariantName = "[No Variations]"
Add component (AddParameter): Name = "Package"; Value = "0603 AVX"; VariantName = "[No Variations]"
Add component (AddParameter): Name = "SnapEDA_Link"; Value = "https://www.snapeda.com/parts/GX035C104MAT2-500/AVX/view-part/?ref=snap"; VariantName = "[No Variations]"
Add component (AddParameter): Name = "System"; Value = ""; VariantName = "[No Variations]"
Add component (AddParameter): Name = "Type"; Value = "SMD"; VariantName = "[No Variations]"
Add component (AddParameter): Name = "Value"; Value = "0.1u"; VariantName = "[No Variations]"
Added Component: Designator=C2_2(*CAPC1608X90)
Add component (AddParameter): Name = "ChipDip_Link"; Value = ""; VariantName = "[No Variations]"
Add component (AddParameter): Name = "HelpURL"; Value = ""; VariantName = "[No Variations]"
Add component (AddParameter): Name = "Instructions"; Value = ""; VariantName = "[No Variations]"
Add component (AddParameter): Name = "MF"; Value = "AVX"; VariantName = "[No Variations]"
Add component (AddParameter): Name = "MP"; Value = "GX035C104MAT2-500 or CL10B104JB8NNNC"; VariantName = "[No Variations]"
Add component (AddParameter): Name = "Pacage Metric"; Value = "1608"; VariantName = "[No Variations]"
Add component (AddParameter): Name = "Package"; Value = "0603 AVX"; VariantName = "[No Variations]"
Add component (AddParameter): Name = "SnapEDA_Link"; Value = "https://www.snapeda.com/parts/GX035C104MAT2-500/AVX/view-part/?ref=snap"; VariantName = "[No Variations]"
Add component (AddParameter): Name = "System"; Value = ""; VariantName = "[No Variations]"
Add component (AddParameter): Name = "Type"; Value = "SMD"; VariantName = "[No Variations]"
Add component (AddParameter): Name = "Value"; Value = "0.1u"; VariantName = "[No Variations]"
Added Component: Designator=C2_3(*CAPC1608X90)
Add component (AddParameter): Name = "ChipDip_Link"; Value = ""; VariantName = "[No Variations]"
Add component (AddParameter): Name = "HelpURL"; Value = ""; VariantName = "[No Variations]"
Add component (AddParameter): Name = "Instructions"; Value = ""; VariantName = "[No Variations]"
Add component (AddParameter): Name = "MF"; Value = "AVX"; VariantName = "[No Variations]"
Add component (AddParameter): Name = "MP"; Value = "GX035C104MAT2-500 or CL10B104JB8NNNC"; VariantName = "[No Variations]"
Add component (AddParameter): Name = "Pacage Metric"; Value = "1608"; VariantName = "[No Variations]"
Add component (AddParameter): Name = "Package"; Value = "0603 AVX"; VariantName = "[No Variations]"
Add component (AddParameter): Name = "SnapEDA_Link"; Value = "https://www.snapeda.com/parts/GX035C104MAT2-500/AVX/view-part/?ref=snap"; VariantName = "[No Variations]"
Add component (AddParameter): Name = "System"; Value = ""; VariantName = "[No Variations]"
Add component (AddParameter): Name = "Type"; Value = "SMD"; VariantName = "[No Variations]"
Add component (AddParameter): Name = "Value"; Value = "0.1u"; VariantName = "[No Variations]"
Added Component: Designator=C2_4(*CAPC1608X90)
Add component (AddParameter): Name = "ChipDip_Link"; Value = ""; VariantName = "[No Variations]"
Add component (AddParameter): Name = "HelpURL"; Value = ""; VariantName = "[No Variations]"
Add component (AddParameter): Name = "Instructions"; Value = ""; VariantName = "[No Variations]"
Add component (AddParameter): Name = "MF"; Value = "AVX"; VariantName = "[No Variations]"
Add component (AddParameter): Name = "MP"; Value = "GX035C104MAT2-500 or CL10B104JB8NNNC"; VariantName = "[No Variations]"
Add component (AddParameter): Name = "Pacage Metric"; Value = "1608"; VariantName = "[No Variations]"
Add component (AddParameter): Name = "Package"; Value = "0603 AVX"; VariantName = "[No Variations]"
Add component (AddParameter): Name = "SnapEDA_Link"; Value = "https://www.snapeda.com/parts/GX035C104MAT2-500/AVX/view-part/?ref=snap"; VariantName = "[No Variations]"
Add component (AddParameter): Name = "System"; Value = ""; VariantName = "[No Variations]"
Add component (AddParameter): Name = "Type"; Value = "SMD"; VariantName = "[No Variations]"
Add component (AddParameter): Name = "Value"; Value = "0.1u"; VariantName = "[No Variations]"
Added Component: Designator=C2_5(*CAPC1608X90)
Add component (AddParameter): Name = "ChipDip_Link"; Value = ""; VariantName = "[No Variations]"
Add component (AddParameter): Name = "HelpURL"; Value = ""; VariantName = "[No Variations]"
Add component (AddParameter): Name = "Instructions"; Value = ""; VariantName = "[No Variations]"
Add component (AddParameter): Name = "MF"; Value = "AVX"; VariantName = "[No Variations]"
Add component (AddParameter): Name = "MP"; Value = "GX035C104MAT2-500 or CL10B104JB8NNNC"; VariantName = "[No Variations]"
Add component (AddParameter): Name = "Pacage Metric"; Value = "1608"; VariantName = "[No Variations]"
Add component (AddParameter): Name = "Package"; Value = "0603 AVX"; VariantName = "[No Variations]"
Add component (AddParameter): Name = "SnapEDA_Link"; Value = "https://www.snapeda.com/parts/GX035C104MAT2-500/AVX/view-part/?ref=snap"; VariantName = "[No Variations]"
Add component (AddParameter): Name = "System"; Value = ""; VariantName = "[No Variations]"
Add component (AddParameter): Name = "Type"; Value = "SMD"; VariantName = "[No Variations]"
Add component (AddParameter): Name = "Value"; Value = "0.1u"; VariantName = "[No Variations]"
Added Component: Designator=C2_6(*CAPC1608X90)
Add component (AddParameter): Name = "ChipDip_Link"; Value = ""; VariantName = "[No Variations]"
Add component (AddParameter): Name = "HelpURL"; Value = ""; VariantName = "[No Variations]"
Add component (AddParameter): Name = "Instructions"; Value = ""; VariantName = "[No Variations]"
Add component (AddParameter): Name = "MF"; Value = "AVX"; VariantName = "[No Variations]"
Add component (AddParameter): Name = "MP"; Value = "GX035C104MAT2-500 or CL10B104JB8NNNC"; VariantName = "[No Variations]"
Add component (AddParameter): Name = "Pacage Metric"; Value = "1608"; VariantName = "[No Variations]"
Add component (AddParameter): Name = "Package"; Value = "0603 AVX"; VariantName = "[No Variations]"
Add component (AddParameter): Name = "SnapEDA_Link"; Value = "https://www.snapeda.com/parts/GX035C104MAT2-500/AVX/view-part/?ref=snap"; VariantName = "[No Variations]"
Add component (AddParameter): Name = "System"; Value = ""; VariantName = "[No Variations]"
Add component (AddParameter): Name = "Type"; Value = "SMD"; VariantName = "[No Variations]"
Add component (AddParameter): Name = "Value"; Value = "0.1u"; VariantName = "[No Variations]"
Added Component: Designator=Q2_1(*SO-08)
Add component (AddParameter): Name = "LatestRevisionDate"; Value = "17-Jul-2002"; VariantName = "[No Variations]"
Add component (AddParameter): Name = "LatestRevisionNote"; Value = "Re-released for DXP Platform."; VariantName = "[No Variations]"
Add component (AddParameter): Name = "PackageDescription"; Value = "TO, Flat Index; 3 In-Line, Axial Leads; Body Dia. 4.6mm; Lead Dia. 0.5 mm (max)"; VariantName = "[No Variations]"
Add component (AddParameter): Name = "PackageReference"; Value = "E3"; VariantName = "[No Variations]"
Add component (AddParameter): Name = "PackageVersion"; Value = "1995/1996"; VariantName = "[No Variations]"
Add component (AddParameter): Name = "Published"; Value = "8-Jun-2000"; VariantName = "[No Variations]"
Add component (AddParameter): Name = "Publisher"; Value = "Altium Limited"; VariantName = "[No Variations]"
Added Component: Designator=Q2_2(*SO-08)
Add component (AddParameter): Name = "LatestRevisionDate"; Value = "17-Jul-2002"; VariantName = "[No Variations]"
Add component (AddParameter): Name = "LatestRevisionNote"; Value = "Re-released for DXP Platform."; VariantName = "[No Variations]"
Add component (AddParameter): Name = "PackageDescription"; Value = "TO, Flat Index; 3 In-Line, Axial Leads; Body Dia. 4.6mm; Lead Dia. 0.5 mm (max)"; VariantName = "[No Variations]"
Add component (AddParameter): Name = "PackageReference"; Value = "E3"; VariantName = "[No Variations]"
Add component (AddParameter): Name = "PackageVersion"; Value = "1995/1996"; VariantName = "[No Variations]"
Add component (AddParameter): Name = "Published"; Value = "8-Jun-2000"; VariantName = "[No Variations]"
Add component (AddParameter): Name = "Publisher"; Value = "Altium Limited"; VariantName = "[No Variations]"
Added Component: Designator=Q2_3(*SO-08)
Add component (AddParameter): Name = "LatestRevisionDate"; Value = "17-Jul-2002"; VariantName = "[No Variations]"
Add component (AddParameter): Name = "LatestRevisionNote"; Value = "Re-released for DXP Platform."; VariantName = "[No Variations]"
Add component (AddParameter): Name = "PackageDescription"; Value = "TO, Flat Index; 3 In-Line, Axial Leads; Body Dia. 4.6mm; Lead Dia. 0.5 mm (max)"; VariantName = "[No Variations]"
Add component (AddParameter): Name = "PackageReference"; Value = "E3"; VariantName = "[No Variations]"
Add component (AddParameter): Name = "PackageVersion"; Value = "1995/1996"; VariantName = "[No Variations]"
Add component (AddParameter): Name = "Published"; Value = "8-Jun-2000"; VariantName = "[No Variations]"
Add component (AddParameter): Name = "Publisher"; Value = "Altium Limited"; VariantName = "[No Variations]"
Added Component: Designator=Q2_4(*SO-08)
Add component (AddParameter): Name = "LatestRevisionDate"; Value = "17-Jul-2002"; VariantName = "[No Variations]"
Add component (AddParameter): Name = "LatestRevisionNote"; Value = "Re-released for DXP Platform."; VariantName = "[No Variations]"
Add component (AddParameter): Name = "PackageDescription"; Value = "TO, Flat Index; 3 In-Line, Axial Leads; Body Dia. 4.6mm; Lead Dia. 0.5 mm (max)"; VariantName = "[No Variations]"
Add component (AddParameter): Name = "PackageReference"; Value = "E3"; VariantName = "[No Variations]"
Add component (AddParameter): Name = "PackageVersion"; Value = "1995/1996"; VariantName = "[No Variations]"
Add component (AddParameter): Name = "Published"; Value = "8-Jun-2000"; VariantName = "[No Variations]"
Add component (AddParameter): Name = "Publisher"; Value = "Altium Limited"; VariantName = "[No Variations]"
Added Component: Designator=Q2_5(*SO-08)
Add component (AddParameter): Name = "LatestRevisionDate"; Value = "17-Jul-2002"; VariantName = "[No Variations]"
Add component (AddParameter): Name = "LatestRevisionNote"; Value = "Re-released for DXP Platform."; VariantName = "[No Variations]"
Add component (AddParameter): Name = "PackageDescription"; Value = "TO, Flat Index; 3 In-Line, Axial Leads; Body Dia. 4.6mm; Lead Dia. 0.5 mm (max)"; VariantName = "[No Variations]"
Add component (AddParameter): Name = "PackageReference"; Value = "E3"; VariantName = "[No Variations]"
Add component (AddParameter): Name = "PackageVersion"; Value = "1995/1996"; VariantName = "[No Variations]"
Add component (AddParameter): Name = "Published"; Value = "8-Jun-2000"; VariantName = "[No Variations]"
Add component (AddParameter): Name = "Publisher"; Value = "Altium Limited"; VariantName = "[No Variations]"
Added Component: Designator=Q2_6(*SO-08)
Add component (AddParameter): Name = "LatestRevisionDate"; Value = "17-Jul-2002"; VariantName = "[No Variations]"
Add component (AddParameter): Name = "LatestRevisionNote"; Value = "Re-released for DXP Platform."; VariantName = "[No Variations]"
Add component (AddParameter): Name = "PackageDescription"; Value = "TO, Flat Index; 3 In-Line, Axial Leads; Body Dia. 4.6mm; Lead Dia. 0.5 mm (max)"; VariantName = "[No Variations]"
Add component (AddParameter): Name = "PackageReference"; Value = "E3"; VariantName = "[No Variations]"
Add component (AddParameter): Name = "PackageVersion"; Value = "1995/1996"; VariantName = "[No Variations]"
Add component (AddParameter): Name = "Published"; Value = "8-Jun-2000"; VariantName = "[No Variations]"
Add component (AddParameter): Name = "Publisher"; Value = "Altium Limited"; VariantName = "[No Variations]"
Added Component: Designator=R2_1(J1-0603)
Add component (AddParameter): Name = "LatestRevisionDate"; Value = "29-May-2009"; VariantName = "[No Variations]"
Add component (AddParameter): Name = "LatestRevisionNote"; Value = "IPC-7351 Footprint Added."; VariantName = "[No Variations]"
Add component (AddParameter): Name = "PackageDescription"; Value = "Chip Resistor"; VariantName = "[No Variations]"
Add component (AddParameter): Name = "PackageReference"; Value = "J1-0603"; VariantName = "[No Variations]"
Add component (AddParameter): Name = "Published"; Value = "8-Jun-2000"; VariantName = "[No Variations]"
Add component (AddParameter): Name = "Publisher"; Value = "Altium Limited"; VariantName = "[No Variations]"
Add component (AddParameter): Name = "Value"; Value = "100"; VariantName = "[No Variations]"
Added Component: Designator=R2_2(J1-0603)
Add component (AddParameter): Name = "LatestRevisionDate"; Value = "29-May-2009"; VariantName = "[No Variations]"
Add component (AddParameter): Name = "LatestRevisionNote"; Value = "IPC-7351 Footprint Added."; VariantName = "[No Variations]"
Add component (AddParameter): Name = "PackageDescription"; Value = "Chip Resistor"; VariantName = "[No Variations]"
Add component (AddParameter): Name = "PackageReference"; Value = "J1-0603"; VariantName = "[No Variations]"
Add component (AddParameter): Name = "Published"; Value = "8-Jun-2000"; VariantName = "[No Variations]"
Add component (AddParameter): Name = "Publisher"; Value = "Altium Limited"; VariantName = "[No Variations]"
Add component (AddParameter): Name = "Value"; Value = "100"; VariantName = "[No Variations]"
Added Component: Designator=R2_3(J1-0603)
Add component (AddParameter): Name = "LatestRevisionDate"; Value = "29-May-2009"; VariantName = "[No Variations]"
Add component (AddParameter): Name = "LatestRevisionNote"; Value = "IPC-7351 Footprint Added."; VariantName = "[No Variations]"
Add component (AddParameter): Name = "PackageDescription"; Value = "Chip Resistor"; VariantName = "[No Variations]"
Add component (AddParameter): Name = "PackageReference"; Value = "J1-0603"; VariantName = "[No Variations]"
Add component (AddParameter): Name = "Published"; Value = "8-Jun-2000"; VariantName = "[No Variations]"
Add component (AddParameter): Name = "Publisher"; Value = "Altium Limited"; VariantName = "[No Variations]"
Add component (AddParameter): Name = "Value"; Value = "100"; VariantName = "[No Variations]"
Added Component: Designator=R2_4(J1-0603)
Add component (AddParameter): Name = "LatestRevisionDate"; Value = "29-May-2009"; VariantName = "[No Variations]"
Add component (AddParameter): Name = "LatestRevisionNote"; Value = "IPC-7351 Footprint Added."; VariantName = "[No Variations]"
Add component (AddParameter): Name = "PackageDescription"; Value = "Chip Resistor"; VariantName = "[No Variations]"
Add component (AddParameter): Name = "PackageReference"; Value = "J1-0603"; VariantName = "[No Variations]"
Add component (AddParameter): Name = "Published"; Value = "8-Jun-2000"; VariantName = "[No Variations]"
Add component (AddParameter): Name = "Publisher"; Value = "Altium Limited"; VariantName = "[No Variations]"
Add component (AddParameter): Name = "Value"; Value = "100"; VariantName = "[No Variations]"
Added Component: Designator=R2_5(J1-0603)
Add component (AddParameter): Name = "LatestRevisionDate"; Value = "29-May-2009"; VariantName = "[No Variations]"
Add component (AddParameter): Name = "LatestRevisionNote"; Value = "IPC-7351 Footprint Added."; VariantName = "[No Variations]"
Add component (AddParameter): Name = "PackageDescription"; Value = "Chip Resistor"; VariantName = "[No Variations]"
Add component (AddParameter): Name = "PackageReference"; Value = "J1-0603"; VariantName = "[No Variations]"
Add component (AddParameter): Name = "Published"; Value = "8-Jun-2000"; VariantName = "[No Variations]"
Add component (AddParameter): Name = "Publisher"; Value = "Altium Limited"; VariantName = "[No Variations]"
Add component (AddParameter): Name = "Value"; Value = "100"; VariantName = "[No Variations]"
Added Component: Designator=R2_6(J1-0603)
Add component (AddParameter): Name = "LatestRevisionDate"; Value = "29-May-2009"; VariantName = "[No Variations]"
Add component (AddParameter): Name = "LatestRevisionNote"; Value = "IPC-7351 Footprint Added."; VariantName = "[No Variations]"
Add component (AddParameter): Name = "PackageDescription"; Value = "Chip Resistor"; VariantName = "[No Variations]"
Add component (AddParameter): Name = "PackageReference"; Value = "J1-0603"; VariantName = "[No Variations]"
Add component (AddParameter): Name = "Published"; Value = "8-Jun-2000"; VariantName = "[No Variations]"
Add component (AddParameter): Name = "Publisher"; Value = "Altium Limited"; VariantName = "[No Variations]"
Add component (AddParameter): Name = "Value"; Value = "100"; VariantName = "[No Variations]"
Added Component: Designator=R4_1(12Z-2010)
Add component (AddParameter): Name = "LatestRevisionDate"; Value = "29-May-2009"; VariantName = "[No Variations]"
Add component (AddParameter): Name = "LatestRevisionNote"; Value = "IPC-7351 Footprint Added."; VariantName = "[No Variations]"
Add component (AddParameter): Name = "PackageDescription"; Value = "Chip Resistor"; VariantName = "[No Variations]"
Add component (AddParameter): Name = "PackageReference"; Value = "J1-0603"; VariantName = "[No Variations]"
Add component (AddParameter): Name = "Published"; Value = "8-Jun-2000"; VariantName = "[No Variations]"
Add component (AddParameter): Name = "Publisher"; Value = "Altium Limited"; VariantName = "[No Variations]"
Add component (AddParameter): Name = "Value"; Value = "33"; VariantName = "[No Variations]"
Added Component: Designator=R4_2(12Z-2010)
Add component (AddParameter): Name = "LatestRevisionDate"; Value = "29-May-2009"; VariantName = "[No Variations]"
Add component (AddParameter): Name = "LatestRevisionNote"; Value = "IPC-7351 Footprint Added."; VariantName = "[No Variations]"
Add component (AddParameter): Name = "PackageDescription"; Value = "Chip Resistor"; VariantName = "[No Variations]"
Add component (AddParameter): Name = "PackageReference"; Value = "J1-0603"; VariantName = "[No Variations]"
Add component (AddParameter): Name = "Published"; Value = "8-Jun-2000"; VariantName = "[No Variations]"
Add component (AddParameter): Name = "Publisher"; Value = "Altium Limited"; VariantName = "[No Variations]"
Add component (AddParameter): Name = "Value"; Value = "33"; VariantName = "[No Variations]"
Added Component: Designator=R4_3(12Z-2010)
Add component (AddParameter): Name = "LatestRevisionDate"; Value = "29-May-2009"; VariantName = "[No Variations]"
Add component (AddParameter): Name = "LatestRevisionNote"; Value = "IPC-7351 Footprint Added."; VariantName = "[No Variations]"
Add component (AddParameter): Name = "PackageDescription"; Value = "Chip Resistor"; VariantName = "[No Variations]"
Add component (AddParameter): Name = "PackageReference"; Value = "J1-0603"; VariantName = "[No Variations]"
Add component (AddParameter): Name = "Published"; Value = "8-Jun-2000"; VariantName = "[No Variations]"
Add component (AddParameter): Name = "Publisher"; Value = "Altium Limited"; VariantName = "[No Variations]"
Add component (AddParameter): Name = "Value"; Value = "33"; VariantName = "[No Variations]"
Added Component: Designator=R4_4(12Z-2010)
Add component (AddParameter): Name = "LatestRevisionDate"; Value = "29-May-2009"; VariantName = "[No Variations]"
Add component (AddParameter): Name = "LatestRevisionNote"; Value = "IPC-7351 Footprint Added."; VariantName = "[No Variations]"
Add component (AddParameter): Name = "PackageDescription"; Value = "Chip Resistor"; VariantName = "[No Variations]"
Add component (AddParameter): Name = "PackageReference"; Value = "J1-0603"; VariantName = "[No Variations]"
Add component (AddParameter): Name = "Published"; Value = "8-Jun-2000"; VariantName = "[No Variations]"
Add component (AddParameter): Name = "Publisher"; Value = "Altium Limited"; VariantName = "[No Variations]"
Add component (AddParameter): Name = "Value"; Value = "33"; VariantName = "[No Variations]"
Added Component: Designator=R4_5(12Z-2010)
Add component (AddParameter): Name = "LatestRevisionDate"; Value = "29-May-2009"; VariantName = "[No Variations]"
Add component (AddParameter): Name = "LatestRevisionNote"; Value = "IPC-7351 Footprint Added."; VariantName = "[No Variations]"
Add component (AddParameter): Name = "PackageDescription"; Value = "Chip Resistor"; VariantName = "[No Variations]"
Add component (AddParameter): Name = "PackageReference"; Value = "J1-0603"; VariantName = "[No Variations]"
Add component (AddParameter): Name = "Published"; Value = "8-Jun-2000"; VariantName = "[No Variations]"
Add component (AddParameter): Name = "Publisher"; Value = "Altium Limited"; VariantName = "[No Variations]"
Add component (AddParameter): Name = "Value"; Value = "33"; VariantName = "[No Variations]"
Added Component: Designator=R4_6(12Z-2010)
Add component (AddParameter): Name = "LatestRevisionDate"; Value = "29-May-2009"; VariantName = "[No Variations]"
Add component (AddParameter): Name = "LatestRevisionNote"; Value = "IPC-7351 Footprint Added."; VariantName = "[No Variations]"
Add component (AddParameter): Name = "PackageDescription"; Value = "Chip Resistor"; VariantName = "[No Variations]"
Add component (AddParameter): Name = "PackageReference"; Value = "J1-0603"; VariantName = "[No Variations]"
Add component (AddParameter): Name = "Published"; Value = "8-Jun-2000"; VariantName = "[No Variations]"
Add component (AddParameter): Name = "Publisher"; Value = "Altium Limited"; VariantName = "[No Variations]"
Add component (AddParameter): Name = "Value"; Value = "33"; VariantName = "[No Variations]"
Added Component: Designator=R6_1(12Z-2010)
Add component (AddParameter): Name = "LatestRevisionDate"; Value = "29-May-2009"; VariantName = "[No Variations]"
Add component (AddParameter): Name = "LatestRevisionNote"; Value = "IPC-7351 Footprint Added."; VariantName = "[No Variations]"
Add component (AddParameter): Name = "PackageDescription"; Value = "Chip Resistor"; VariantName = "[No Variations]"
Add component (AddParameter): Name = "PackageReference"; Value = "J1-0603"; VariantName = "[No Variations]"
Add component (AddParameter): Name = "Published"; Value = "8-Jun-2000"; VariantName = "[No Variations]"
Add component (AddParameter): Name = "Publisher"; Value = "Altium Limited"; VariantName = "[No Variations]"
Add component (AddParameter): Name = "Value"; Value = "33"; VariantName = "[No Variations]"
Added Component: Designator=R6_2(12Z-2010)
Add component (AddParameter): Name = "LatestRevisionDate"; Value = "29-May-2009"; VariantName = "[No Variations]"
Add component (AddParameter): Name = "LatestRevisionNote"; Value = "IPC-7351 Footprint Added."; VariantName = "[No Variations]"
Add component (AddParameter): Name = "PackageDescription"; Value = "Chip Resistor"; VariantName = "[No Variations]"
Add component (AddParameter): Name = "PackageReference"; Value = "J1-0603"; VariantName = "[No Variations]"
Add component (AddParameter): Name = "Published"; Value = "8-Jun-2000"; VariantName = "[No Variations]"
Add component (AddParameter): Name = "Publisher"; Value = "Altium Limited"; VariantName = "[No Variations]"
Add component (AddParameter): Name = "Value"; Value = "33"; VariantName = "[No Variations]"
Added Component: Designator=R6_3(12Z-2010)
Add component (AddParameter): Name = "LatestRevisionDate"; Value = "29-May-2009"; VariantName = "[No Variations]"
Add component (AddParameter): Name = "LatestRevisionNote"; Value = "IPC-7351 Footprint Added."; VariantName = "[No Variations]"
Add component (AddParameter): Name = "PackageDescription"; Value = "Chip Resistor"; VariantName = "[No Variations]"
Add component (AddParameter): Name = "PackageReference"; Value = "J1-0603"; VariantName = "[No Variations]"
Add component (AddParameter): Name = "Published"; Value = "8-Jun-2000"; VariantName = "[No Variations]"
Add component (AddParameter): Name = "Publisher"; Value = "Altium Limited"; VariantName = "[No Variations]"
Add component (AddParameter): Name = "Value"; Value = "33"; VariantName = "[No Variations]"
Added Component: Designator=R6_4(12Z-2010)
Add component (AddParameter): Name = "LatestRevisionDate"; Value = "29-May-2009"; VariantName = "[No Variations]"
Add component (AddParameter): Name = "LatestRevisionNote"; Value = "IPC-7351 Footprint Added."; VariantName = "[No Variations]"
Add component (AddParameter): Name = "PackageDescription"; Value = "Chip Resistor"; VariantName = "[No Variations]"
Add component (AddParameter): Name = "PackageReference"; Value = "J1-0603"; VariantName = "[No Variations]"
Add component (AddParameter): Name = "Published"; Value = "8-Jun-2000"; VariantName = "[No Variations]"
Add component (AddParameter): Name = "Publisher"; Value = "Altium Limited"; VariantName = "[No Variations]"
Add component (AddParameter): Name = "Value"; Value = "33"; VariantName = "[No Variations]"
Added Component: Designator=R6_5(12Z-2010)
Add component (AddParameter): Name = "LatestRevisionDate"; Value = "29-May-2009"; VariantName = "[No Variations]"
Add component (AddParameter): Name = "LatestRevisionNote"; Value = "IPC-7351 Footprint Added."; VariantName = "[No Variations]"
Add component (AddParameter): Name = "PackageDescription"; Value = "Chip Resistor"; VariantName = "[No Variations]"
Add component (AddParameter): Name = "PackageReference"; Value = "J1-0603"; VariantName = "[No Variations]"
Add component (AddParameter): Name = "Published"; Value = "8-Jun-2000"; VariantName = "[No Variations]"
Add component (AddParameter): Name = "Publisher"; Value = "Altium Limited"; VariantName = "[No Variations]"
Add component (AddParameter): Name = "Value"; Value = "33"; VariantName = "[No Variations]"
Added Component: Designator=R6_6(12Z-2010)
Add component (AddParameter): Name = "LatestRevisionDate"; Value = "29-May-2009"; VariantName = "[No Variations]"
Add component (AddParameter): Name = "LatestRevisionNote"; Value = "IPC-7351 Footprint Added."; VariantName = "[No Variations]"
Add component (AddParameter): Name = "PackageDescription"; Value = "Chip Resistor"; VariantName = "[No Variations]"
Add component (AddParameter): Name = "PackageReference"; Value = "J1-0603"; VariantName = "[No Variations]"
Add component (AddParameter): Name = "Published"; Value = "8-Jun-2000"; VariantName = "[No Variations]"
Add component (AddParameter): Name = "Publisher"; Value = "Altium Limited"; VariantName = "[No Variations]"
Add component (AddParameter): Name = "Value"; Value = "33"; VariantName = "[No Variations]"
Added Component: Designator=U2_1(sot23-6)
Add component (AddParameter): Name = "Availability"; Value = "Unavailable"; VariantName = "[No Variations]"
Add component (AddParameter): Name = "ChipDip_Link"; Value = "http://www.hycontek.com/wp-content/uploads/DS-HY2213_EN.pdf"; VariantName = "[No Variations]"
Add component (AddParameter): Name = "HelpURL"; Value = "http://www.hycontek.com/wp-content/uploads/DS-HY2213_EN.pdf"; VariantName = "[No Variations]"
Add component (AddParameter): Name = "MF"; Value = "infineon"; VariantName = "[No Variations]"
Add component (AddParameter): Name = "MP"; Value = "IRS10752LTRPBF"; VariantName = "[No Variations]"
Add component (AddParameter): Name = "Package"; Value = "SOT-23-6"; VariantName = "[No Variations]"
Add component (AddParameter): Name = "Price"; Value = "None"; VariantName = "[No Variations]"
Add component (AddParameter): Name = "SnapEDA_Link"; Value = "https://www.snapeda.com/parts/IRS10752LTRPBF/Infineon%20Technologies/view-part/?ref=search&t=IRS10752"; VariantName = "[No Variations]"
Add component (AddParameter): Name = "Value"; Value = ""; VariantName = "[No Variations]"
Added Component: Designator=U2_2(sot23-6)
Add component (AddParameter): Name = "Availability"; Value = "Unavailable"; VariantName = "[No Variations]"
Add component (AddParameter): Name = "ChipDip_Link"; Value = "http://www.hycontek.com/wp-content/uploads/DS-HY2213_EN.pdf"; VariantName = "[No Variations]"
Add component (AddParameter): Name = "HelpURL"; Value = "http://www.hycontek.com/wp-content/uploads/DS-HY2213_EN.pdf"; VariantName = "[No Variations]"
Add component (AddParameter): Name = "MF"; Value = "infineon"; VariantName = "[No Variations]"
Add component (AddParameter): Name = "MP"; Value = "IRS10752LTRPBF"; VariantName = "[No Variations]"
Add component (AddParameter): Name = "Package"; Value = "SOT-23-6"; VariantName = "[No Variations]"
Add component (AddParameter): Name = "Price"; Value = "None"; VariantName = "[No Variations]"
Add component (AddParameter): Name = "SnapEDA_Link"; Value = "https://www.snapeda.com/parts/IRS10752LTRPBF/Infineon%20Technologies/view-part/?ref=search&t=IRS10752"; VariantName = "[No Variations]"
Add component (AddParameter): Name = "Value"; Value = ""; VariantName = "[No Variations]"
Added Component: Designator=U2_3(sot23-6)
Add component (AddParameter): Name = "Availability"; Value = "Unavailable"; VariantName = "[No Variations]"
Add component (AddParameter): Name = "ChipDip_Link"; Value = "http://www.hycontek.com/wp-content/uploads/DS-HY2213_EN.pdf"; VariantName = "[No Variations]"
Add component (AddParameter): Name = "HelpURL"; Value = "http://www.hycontek.com/wp-content/uploads/DS-HY2213_EN.pdf"; VariantName = "[No Variations]"
Add component (AddParameter): Name = "MF"; Value = "infineon"; VariantName = "[No Variations]"
Add component (AddParameter): Name = "MP"; Value = "IRS10752LTRPBF"; VariantName = "[No Variations]"
Add component (AddParameter): Name = "Package"; Value = "SOT-23-6"; VariantName = "[No Variations]"
Add component (AddParameter): Name = "Price"; Value = "None"; VariantName = "[No Variations]"
Add component (AddParameter): Name = "SnapEDA_Link"; Value = "https://www.snapeda.com/parts/IRS10752LTRPBF/Infineon%20Technologies/view-part/?ref=search&t=IRS10752"; VariantName = "[No Variations]"
Add component (AddParameter): Name = "Value"; Value = ""; VariantName = "[No Variations]"
Added Component: Designator=U2_4(sot23-6)
Add component (AddParameter): Name = "Availability"; Value = "Unavailable"; VariantName = "[No Variations]"
Add component (AddParameter): Name = "ChipDip_Link"; Value = "http://www.hycontek.com/wp-content/uploads/DS-HY2213_EN.pdf"; VariantName = "[No Variations]"
Add component (AddParameter): Name = "HelpURL"; Value = "http://www.hycontek.com/wp-content/uploads/DS-HY2213_EN.pdf"; VariantName = "[No Variations]"
Add component (AddParameter): Name = "MF"; Value = "infineon"; VariantName = "[No Variations]"
Add component (AddParameter): Name = "MP"; Value = "IRS10752LTRPBF"; VariantName = "[No Variations]"
Add component (AddParameter): Name = "Package"; Value = "SOT-23-6"; VariantName = "[No Variations]"
Add component (AddParameter): Name = "Price"; Value = "None"; VariantName = "[No Variations]"
Add component (AddParameter): Name = "SnapEDA_Link"; Value = "https://www.snapeda.com/parts/IRS10752LTRPBF/Infineon%20Technologies/view-part/?ref=search&t=IRS10752"; VariantName = "[No Variations]"
Add component (AddParameter): Name = "Value"; Value = ""; VariantName = "[No Variations]"
Added Component: Designator=U2_5(sot23-6)
Add component (AddParameter): Name = "Availability"; Value = "Unavailable"; VariantName = "[No Variations]"
Add component (AddParameter): Name = "ChipDip_Link"; Value = "http://www.hycontek.com/wp-content/uploads/DS-HY2213_EN.pdf"; VariantName = "[No Variations]"
Add component (AddParameter): Name = "HelpURL"; Value = "http://www.hycontek.com/wp-content/uploads/DS-HY2213_EN.pdf"; VariantName = "[No Variations]"
Add component (AddParameter): Name = "MF"; Value = "infineon"; VariantName = "[No Variations]"
Add component (AddParameter): Name = "MP"; Value = "IRS10752LTRPBF"; VariantName = "[No Variations]"
Add component (AddParameter): Name = "Package"; Value = "SOT-23-6"; VariantName = "[No Variations]"
Add component (AddParameter): Name = "Price"; Value = "None"; VariantName = "[No Variations]"
Add component (AddParameter): Name = "SnapEDA_Link"; Value = "https://www.snapeda.com/parts/IRS10752LTRPBF/Infineon%20Technologies/view-part/?ref=search&t=IRS10752"; VariantName = "[No Variations]"
Add component (AddParameter): Name = "Value"; Value = ""; VariantName = "[No Variations]"
Added Component: Designator=U2_6(sot23-6)
Add component (AddParameter): Name = "Availability"; Value = "Unavailable"; VariantName = "[No Variations]"
Add component (AddParameter): Name = "ChipDip_Link"; Value = "http://www.hycontek.com/wp-content/uploads/DS-HY2213_EN.pdf"; VariantName = "[No Variations]"
Add component (AddParameter): Name = "HelpURL"; Value = "http://www.hycontek.com/wp-content/uploads/DS-HY2213_EN.pdf"; VariantName = "[No Variations]"
Add component (AddParameter): Name = "MF"; Value = "infineon"; VariantName = "[No Variations]"
Add component (AddParameter): Name = "MP"; Value = "IRS10752LTRPBF"; VariantName = "[No Variations]"
Add component (AddParameter): Name = "Package"; Value = "SOT-23-6"; VariantName = "[No Variations]"
Add component (AddParameter): Name = "Price"; Value = "None"; VariantName = "[No Variations]"
Add component (AddParameter): Name = "SnapEDA_Link"; Value = "https://www.snapeda.com/parts/IRS10752LTRPBF/Infineon%20Technologies/view-part/?ref=search&t=IRS10752"; VariantName = "[No Variations]"
Add component (AddParameter): Name = "Value"; Value = ""; VariantName = "[No Variations]"
Added Pin To Net: NetName=NetC2_1_1 Pin=C2_1-1
Added Pin To Net: NetName=GND Pin=C2_1-2
Added Pin To Net: NetName=NetC2_2_1 Pin=C2_2-1
Added Pin To Net: NetName=S1 Pin=C2_2-2
Added Pin To Net: NetName=NetC2_3_1 Pin=C2_3-1
Added Pin To Net: NetName=S2 Pin=C2_3-2
Added Pin To Net: NetName=S3 Pin=C2_4-2
Added Pin To Net: NetName=S4 Pin=C2_5-2
Added Pin To Net: NetName=S5 Pin=C2_6-2
Added Pin To Net: NetName=S3 Pin=P1-2
Added Pin To Net: NetName=S5 Pin=P1-3
Added Pin To Net: NetName=S2 Pin=P1-4
Added Pin To Net: NetName=S1 Pin=P1-6
Added Pin To Net: NetName=GND Pin=Q2_1-S
Added Pin To Net: NetName=GND Pin=Q2_1-S
Added Pin To Net: NetName=GND Pin=Q2_1-S
Added Pin To Net: NetName=S1 Pin=Q2_2-S
Added Pin To Net: NetName=S1 Pin=Q2_2-S
Added Pin To Net: NetName=S1 Pin=Q2_2-S
Added Pin To Net: NetName=S2 Pin=Q2_3-S
Added Pin To Net: NetName=S2 Pin=Q2_3-S
Added Pin To Net: NetName=S2 Pin=Q2_3-S
Added Pin To Net: NetName=S3 Pin=Q2_4-S
Added Pin To Net: NetName=S3 Pin=Q2_4-S
Added Pin To Net: NetName=S3 Pin=Q2_4-S
Added Pin To Net: NetName=S4 Pin=Q2_5-S
Added Pin To Net: NetName=S4 Pin=Q2_5-S
Added Pin To Net: NetName=S4 Pin=Q2_5-S
Added Pin To Net: NetName=S5 Pin=Q2_6-S
Added Pin To Net: NetName=S5 Pin=Q2_6-S
Added Pin To Net: NetName=S5 Pin=Q2_6-S
Added Pin To Net: NetName=NetC2_1_1 Pin=R2_1-1
Added Pin To Net: NetName=S1 Pin=R2_1-2
Added Pin To Net: NetName=NetC2_2_1 Pin=R2_2-1
Added Pin To Net: NetName=S2 Pin=R2_2-2
Added Pin To Net: NetName=NetC2_3_1 Pin=R2_3-1
Added Pin To Net: NetName=S3 Pin=R2_3-2
Added Pin To Net: NetName=S4 Pin=R2_4-2
Added Pin To Net: NetName=S5 Pin=R2_5-2
Added Pin To Net: NetName=S6 Pin=R2_6-2
Added Pin To Net: NetName=S1 Pin=R4_1-2
Added Pin To Net: NetName=S2 Pin=R4_2-2
Added Pin To Net: NetName=S3 Pin=R4_3-2
Added Pin To Net: NetName=S4 Pin=R4_4-2
Added Pin To Net: NetName=S5 Pin=R4_5-2
Added Pin To Net: NetName=S6 Pin=R4_6-2
Added Pin To Net: NetName=S1 Pin=R6_1-2
Added Pin To Net: NetName=S2 Pin=R6_2-2
Added Pin To Net: NetName=S3 Pin=R6_3-2
Added Pin To Net: NetName=S4 Pin=R6_4-2
Added Pin To Net: NetName=S5 Pin=R6_5-2
Added Pin To Net: NetName=S6 Pin=R6_6-2
Added Pin To Net: NetName=NetC2_1_1 Pin=U2_1-2
Added Pin To Net: NetName=GND Pin=U2_1-3
Added Pin To Net: NetName=NetC2_2_1 Pin=U2_2-2
Added Pin To Net: NetName=S1 Pin=U2_2-3
Added Pin To Net: NetName=NetC2_3_1 Pin=U2_3-2
Added Pin To Net: NetName=S2 Pin=U2_3-3
Added Pin To Net: NetName=S3 Pin=U2_4-3
Added Pin To Net: NetName=S4 Pin=U2_5-3
Added Pin To Net: NetName=S5 Pin=U2_6-3
Added Pin To Net: NetName=NetC2_4_1 Pin=C2_4-1
Added Pin To Net: NetName=NetC2_4_1 Pin=R2_4-1
Added Pin To Net: NetName=NetC2_4_1 Pin=U2_4-2
Added Net: Name=NetC2_4_1
Added Pin To Net: NetName=NetC2_5_1 Pin=C2_5-1
Added Pin To Net: NetName=NetC2_5_1 Pin=R2_5-1
Added Pin To Net: NetName=NetC2_5_1 Pin=U2_5-2
Added Net: Name=NetC2_5_1
Added Pin To Net: NetName=NetC2_6_1 Pin=C2_6-1
Added Pin To Net: NetName=NetC2_6_1 Pin=R2_6-1
Added Pin To Net: NetName=NetC2_6_1 Pin=U2_6-2
Added Net: Name=NetC2_6_1
Added Pin To Net: NetName=NetQ2_1_D Pin=Q2_1-D
Added Pin To Net: NetName=NetQ2_1_D Pin=Q2_1-D
Added Pin To Net: NetName=NetQ2_1_D Pin=Q2_1-D
Added Pin To Net: NetName=NetQ2_1_D Pin=Q2_1-D
Added Pin To Net: NetName=NetQ2_1_D Pin=R4_1-1
Added Pin To Net: NetName=NetQ2_1_D Pin=R6_1-1
Added Net: Name=NetQ2_1_D
Added Pin To Net: NetName=NetQ2_1_G Pin=Q2_1-G
Added Pin To Net: NetName=NetQ2_1_G Pin=U2_1-6
Added Net: Name=NetQ2_1_G
Added Pin To Net: NetName=NetQ2_2_D Pin=Q2_2-D
Added Pin To Net: NetName=NetQ2_2_D Pin=Q2_2-D
Added Pin To Net: NetName=NetQ2_2_D Pin=Q2_2-D
Added Pin To Net: NetName=NetQ2_2_D Pin=Q2_2-D
Added Pin To Net: NetName=NetQ2_2_D Pin=R4_2-1
Added Pin To Net: NetName=NetQ2_2_D Pin=R6_2-1
Added Net: Name=NetQ2_2_D
Added Pin To Net: NetName=NetQ2_2_G Pin=Q2_2-G
Added Pin To Net: NetName=NetQ2_2_G Pin=U2_2-6
Added Net: Name=NetQ2_2_G
Added Pin To Net: NetName=NetQ2_3_D Pin=Q2_3-D
Added Pin To Net: NetName=NetQ2_3_D Pin=Q2_3-D
Added Pin To Net: NetName=NetQ2_3_D Pin=Q2_3-D
Added Pin To Net: NetName=NetQ2_3_D Pin=Q2_3-D
Added Pin To Net: NetName=NetQ2_3_D Pin=R4_3-1
Added Pin To Net: NetName=NetQ2_3_D Pin=R6_3-1
Added Net: Name=NetQ2_3_D
Added Pin To Net: NetName=NetQ2_3_G Pin=Q2_3-G
Added Pin To Net: NetName=NetQ2_3_G Pin=U2_3-6
Added Net: Name=NetQ2_3_G
Added Pin To Net: NetName=NetQ2_4_D Pin=Q2_4-D
Added Pin To Net: NetName=NetQ2_4_D Pin=Q2_4-D
Added Pin To Net: NetName=NetQ2_4_D Pin=Q2_4-D
Added Pin To Net: NetName=NetQ2_4_D Pin=Q2_4-D
Added Pin To Net: NetName=NetQ2_4_D Pin=R4_4-1
Added Pin To Net: NetName=NetQ2_4_D Pin=R6_4-1
Added Net: Name=NetQ2_4_D
Added Pin To Net: NetName=NetQ2_4_G Pin=Q2_4-G
Added Pin To Net: NetName=NetQ2_4_G Pin=U2_4-6
Added Net: Name=NetQ2_4_G
Added Pin To Net: NetName=NetQ2_5_D Pin=Q2_5-D
Added Pin To Net: NetName=NetQ2_5_D Pin=Q2_5-D
Added Pin To Net: NetName=NetQ2_5_D Pin=Q2_5-D
Added Pin To Net: NetName=NetQ2_5_D Pin=Q2_5-D
Added Pin To Net: NetName=NetQ2_5_D Pin=R4_5-1
Added Pin To Net: NetName=NetQ2_5_D Pin=R6_5-1
Added Net: Name=NetQ2_5_D
Added Pin To Net: NetName=NetQ2_5_G Pin=Q2_5-G
Added Pin To Net: NetName=NetQ2_5_G Pin=U2_5-6
Added Net: Name=NetQ2_5_G
Added Pin To Net: NetName=NetQ2_6_D Pin=Q2_6-D
Added Pin To Net: NetName=NetQ2_6_D Pin=Q2_6-D
Added Pin To Net: NetName=NetQ2_6_D Pin=Q2_6-D
Added Pin To Net: NetName=NetQ2_6_D Pin=Q2_6-D
Added Pin To Net: NetName=NetQ2_6_D Pin=R4_6-1
Added Pin To Net: NetName=NetQ2_6_D Pin=R6_6-1
Added Net: Name=NetQ2_6_D
Added Pin To Net: NetName=NetQ2_6_G Pin=Q2_6-G
Added Pin To Net: NetName=NetQ2_6_G Pin=U2_6-6
Added Net: Name=NetQ2_6_G
Added Class: Name=4
Added Class: Name=5
Added Class: Name=6
Added Class: Name=1s
Added Member To Class: ClassName=1 Member=Component C2_1 (C2) GX035C104MAT2-500
Added Member To Class: ClassName=2 Member=Component C2_2 (C2) GX035C104MAT2-500
Added Member To Class: ClassName=3 Member=Component C2_3 (C2) GX035C104MAT2-500
Added Member To Class: ClassName=1 Member=Component Q2_1 (Q2) IRF7862
Added Member To Class: ClassName=2 Member=Component Q2_2 (Q2) IRF7862
Added Member To Class: ClassName=3 Member=Component Q2_3 (Q2) IRF7862
Added Member To Class: ClassName=1 Member=Component R2_1 (R2) Res3
Added Member To Class: ClassName=2 Member=Component R2_2 (R2) Res3
Added Member To Class: ClassName=3 Member=Component R2_3 (R2) Res3
Added Member To Class: ClassName=1 Member=Component R4_1 (R4) Res3
Added Member To Class: ClassName=2 Member=Component R4_2 (R4) Res3
Added Member To Class: ClassName=3 Member=Component R4_3 (R4) Res3
Added Member To Class: ClassName=1 Member=Component R6_1 (R6) Res3
Added Member To Class: ClassName=2 Member=Component R6_2 (R6) Res3
Added Member To Class: ClassName=3 Member=Component R6_3 (R6) Res3
Added Member To Class: ClassName=1 Member=Component U2_1 (U2) HY2213-BB3A
Added Member To Class: ClassName=2 Member=Component U2_2 (U2) HY2213-BB3A
Added Member To Class: ClassName=3 Member=Component U2_3 (U2) HY2213-BB3A
Added Room: Name=1
Added Room: Name=2
Added Room: Name=3
Added Room: Name=4
Added Room: Name=5
Added Room: Name=6
Added Room: Name=Sheet2
